[10:50:09] Run queued.
[10:50:09] Run mode: script
[10:50:09] Phases: phase1, phase2, phase3, phase4, phase5, phase6
[10:50:09] Starting PowerShell assessment.
[10:50:09] Command: /usr/local/microsoft/powershell/7/pwsh -NoLogo -NoProfile -NonInteractive -File /Users/demac/Downloads/De-Scripts1/denjoy-platform/assessment/Start-M365BaselineAssessment.ps1 -OutputPath /Users/demac/Downloads/De-Scripts1/denjoy-platform/backend/storage/runs/0e3b4393-b256-47a9-9e5e-cedb3ebb6e50 -ExportCsv
[10:50:09] ╔══════════════════════════════════════════════════════════════╗
[10:50:09] ║   M365 COMPLETE BASELINE ASSESSMENT (MODULAR)                ║
[10:50:09] ║   Version: 3.1.0                                             ║
[10:50:09] ╚══════════════════════════════════════════════════════════════╝
[10:50:09] [*] Loading modules...
[10:50:09]   ✓ Authentication module loaded
[10:50:09]   ✓ HtmlReporting modules loaded (Core + Phase1-6)
[10:50:09]   ✓ Phase1-UsersLicensing module loaded
[10:50:09]   ✓ Phase2-CollaborationStorage module loaded
[10:50:09]   ✓ Phase3-ComplianceSecurity module loaded
[10:50:09]   ✓ Phase4-AdvancedSecurity module loaded
[10:50:09]   ✓ Phase5-IntuneConfig module loaded
[10:50:09]   ✓ Phase6-AzureInfrastructure module loaded
[10:50:09]   ✓ Phase-HybridIdentity module loaded
[10:50:09]   ✓ HtmlReporting-Compliance module loaded
[10:50:09]   ✓ Export-AssessmentCsv module loaded
[10:50:09] [*] All modules loaded successfully
[10:50:09] [10:50:09] Connecting to Microsoft Graph...
[10:50:36] [10:50:36] ✓ Connected to tenant: Zorg en Vrij (5949c95e-86e7-4c31-ae4e-ba49d0477959)
[10:50:36] [10:50:36] ✓ Connected to Microsoft Graph
[10:50:43] [10:50:43] ✓ Connected to Microsoft Teams PowerShell session
[10:50:43] [10:50:43] Interactive Exchange connection failed or requires credentials: Could not load file or assembly '/Users/demac/.local/share/powershell/Modules/ExchangeOnlineManagement/3.9.2/netCore/Microsoft.Identity.Client.dll'. The located assembly's manifest definition does not match the assembly reference. (0x80131040)
[10:50:43] [10:50:43]
[10:50:43] === PHASE 1: Users, Licensing & Security Basics ===
[10:50:43] [10:50:43] Collecting Global Administrators...
[10:50:44] [10:50:44] Collecting license information...
[10:50:45] [10:50:45] Collecting all users...
[10:50:45] [10:50:45] Checking MFA status...
[10:50:53] [10:50:53] Found 10 users WITH registered MFA, 3 WITHOUT
[10:50:53] [10:50:53] NOTE: This checks MFA instellingen, not per-user enforcement status
[10:50:53] [10:50:53] Processing license details...
[10:50:53] [10:50:53] ✓ Phase 1 complete
[10:50:53] [10:50:53]
[10:50:53] === PHASE 2: Collaboration & Storage ===
[10:50:53] [10:50:53] Collecting Teams data...
[10:50:54] [10:50:54] Collecting SharePoint sites with storage info...
[10:50:57] [10:50:57] Checking 5 M365 Groups for SharePoint sites...
[10:50:58] [10:50:58] Found site via MailNickname: Wijzijnzorgenvrij
[10:50:59] [10:50:59] Found site via direct URL: All_users365
[10:51:00] [10:51:00] Found site via MailNickname: All Company
[10:51:00] [10:51:00] Searching for additional sites via Search API...
[10:51:01] [10:51:01] Trying common site URL patterns...
[10:51:02] [10:51:02] Found 0 OneDrive sites
[10:51:10] [10:51:10] Found 4 SharePoint sites, 0 inactive (>90 days)
[10:51:10] [10:51:10] Total SharePoint storage: 18.78 GB
[10:51:10] [10:51:10] Processing OneDrive sites via Reports API...
[10:51:13] [10:51:13] ✓ OneDrive data collected: 9 OneDrives, 48.2 GB used
[10:51:13] [10:51:13] Collecting M365 Groups...
[10:51:14] [10:51:14] Collecting all groups...
[10:51:15] [10:51:15] Collecting Exchange Online data via Graph...
[10:51:15] [10:51:15] Connecting to Exchange Online...
[10:51:15] [10:51:15] Exchange Online connection parameters not provided - using Graph API only
[10:51:15] [10:51:15] Collecting per-mailbox SMTP AUTH status via Get-EXOMailbox...
[10:51:15] [10:51:15] Primary Get-EXOMailbox failed: Could not load file or assembly 'Microsoft.Identity.Client, Version=4.74.1.0, Culture=neutral, PublicKeyToken=0a613f4dd989e8ae'. The located assembly's manifest definition does not match the assembly reference. (0x80131040)
[10:51:15] [10:51:15] Exchange Online PowerShell not available; skipping modern-auth mailbox checks.
[10:51:15] [10:51:15] ✓ Exchange Online data collected via Graph
[10:51:15] [10:51:15] Collecting Exchange security settings...
[10:51:15] [10:51:15] Checking Exchange DNS records...
[10:51:17] [10:51:17] Collecting directory roles...
[10:51:19] [10:51:19] ✓ Role assignments collected
[10:51:19] [10:51:19] Collecting Teams external access and meeting policies...
[10:51:21] [10:51:21] Meeting policies retrieved via Teams PowerShell fallback
[10:51:22] [10:51:22] Collecting Teams guest access settings...
[10:51:22] [10:51:22] Evaluating SharePoint default link type per site (best-effort)...
[10:51:22] [10:51:22] Collecting SharePoint tenant sharing settings...
[10:51:23] [10:51:23] Detecting group naming policies (affects Teams) and site naming guidance...
[10:51:23] [10:51:23] TODO 005: Checking SMTP AUTH status per mailbox...
[10:51:23] [10:51:23] TODO 005: Exchange Online not connected - SMTP AUTH cannot be checked without Exchange. Graph API does not expose per-mailbox SmtpClientAuthenticationDisabled.
[10:51:23] [10:51:23] TODO 007: Checking Teams external access configuration...
[10:51:23] [10:51:23] TODO 007: Teams federation - AllowFederated: True, AllowPublic: , AllowTeamsConsumer: True
[10:51:23] [10:51:23] TODO 008: Checking Teams meeting policies...
[10:51:23] [10:51:23] TODO 008: Retrieved 7 Teams meeting policies.
[10:51:23] [10:51:23] TODO 009: Checking Teams/Groups naming policies via Microsoft Graph...
[10:51:23] [10:51:23] TODO 009: Get-MgDirectorySetting failed: The term 'Get-MgDirectorySetting' is not recognized as a name of a cmdlet, function, script file, or executable program.
[10:51:23] Check the spelling of the name, or if a path was included, verify that the path is correct and try again.
[10:51:23] [10:51:23] TODO 010: Checking SharePoint default link types per site...
[10:51:24] [10:51:24] TODO 010: PnP PowerShell available - using Get-PnPTenantSite...
[10:51:24] [10:51:24] TODO 010: Get-PnPTenantSite failed: You are not signed in. Please use Connect-PnPOnline to connect.. Falling back to Graph...
[10:51:24] [10:51:24] TODO 010: Using Microsoft Graph to enumerate sites (DefaultSharingLinkType not available via Graph - recording site list only)...
[10:51:24] [10:51:24] TODO 010: Graph enumerated 0 sites, 0 flagged for anonymous/external sharing.
[10:51:24] [10:51:24] ✓ Phase 2 complete
[10:51:24] [10:51:24]
[10:51:24] === PHASE 3: Compliance & Security Policies ===
[10:51:24] [10:51:24] Collecting Conditional Access policies...
[10:51:25] [10:51:25] Checking Security Defaults...
[10:51:25] [10:51:25] Checking Audit Log configuration...
[10:51:26] [10:51:26] Collecting App Registrations...
[10:51:29] [10:51:29] Processing 6 app registrations...
[10:51:53] [10:51:53] ✓ Found 6 app registrations
[10:51:53] [10:51:53] Checking legacy authentication policy and sign-in activity...
[10:51:53] [10:51:53] Legacy auth policy retrieved (BlockMsolPowerShell=False)
[10:52:15] [10:52:15] Legacy auth 'Exchange ActiveSync': 0 recent sign-in(s) found
[10:52:33] [10:52:33] Legacy auth 'IMAP': 0 recent sign-in(s) found
[10:52:53] [10:52:53] Legacy auth 'POP3': 0 recent sign-in(s) found
[10:53:11] [10:53:11] Legacy auth 'SMTP': 0 recent sign-in(s) found
[10:53:30] [10:53:30] Legacy auth 'Autodiscover': 0 recent sign-in(s) found
[10:53:50] [10:53:50] Legacy auth 'Other clients': 0 recent sign-in(s) found
[10:53:50] [10:53:50] Legacy auth check complete — 0 recent legacy sign-in(s), 0 unique user(s)
[10:53:50] [10:53:50] Checking retention policies via Microsoft Graph / Purview...
[10:53:50] [10:53:50] compliance/retentionPolicies endpoint not available: Response status code does not indicate success: BadRequest (Bad Request).
[10:53:51] [10:53:51] eDiscovery retention policies endpoint not available: Response status code does not indicate success: BadRequest (Bad Request).
[10:53:51] [10:53:51] No supported retention policy endpoint was accessible. Permissions may be insufficient (requires Compliance Administrator or equivalent).
[10:53:51] [10:53:51] Checking sensitivity labels via Microsoft Graph / Security API...
[10:53:52] [10:53:52] security/informationProtection/sensitivityLabels endpoint not available: Response status code does not indicate success: BadRequest (Bad Request).
[10:53:52] [10:53:52] Get-MgSecurityInformationProtectionSensitivityLabel not available: The term 'Get-MgSecurityInformationProtectionSensitivityLabel' is not recognized as a name of a cmdlet, function, script file, or executable program.
[10:53:52] Check the spelling of the name, or if a path was included, verify that the path is correct and try again.
[10:53:52] [10:53:52] No supported sensitivity label endpoint was accessible. Permissions may be insufficient (requires InformationProtectionPolicy.Read or equivalent).
[10:53:52] [10:53:52] ✓ Phase 3 complete
[10:53:52] [10:53:52] Running CA ↔ MFA cross-check...
[10:53:52] [10:53:52] CA↔MFA cross-check completed: found 4 enabled policies requiring MFA
[10:53:52] [10:53:52]
[10:53:52] === PHASE 4: Advanced Security & Compliance ===
[10:53:52] [10:53:52] Collecting Microsoft Secure Score...
[10:53:53] [10:53:53] Collecting Secure Score recommendations...
[10:53:54] [10:53:54] Checking admin password ages...
[10:53:55] [10:53:55] Detecting break glass accounts...
[10:53:56] [10:53:56] Checking GDAP/GSAP relationships...
[10:53:58] [10:53:58] No GDAP relationships found
[10:53:58] [10:53:58] Checking password policies...
[10:53:58] [10:53:58] Checking guest invite settings...
[10:53:58] [10:53:58] Checking device registration policies...
[10:53:59] [10:53:59] Analyzing location-based CA policies...
[10:53:59] [10:53:59] Analyzing device-based CA policies...
[10:53:59] [10:53:59] Collecting active security alerts...
[10:54:03] [10:54:03] Security alerts collected via Get-MgSecurityAlert: Total=0, High=0, Medium=0, Low=0
[10:54:06] [10:54:06] Alert policies check complete.
[10:54:06] [10:54:06] Checking Identity Protection data...
[10:54:06] [10:54:06] Azure AD P2 detected. Collecting risky users...
[10:54:06] [10:54:06] Risky users at-risk: 0
[10:54:06] [10:54:06] Risk detections collected: 0
[10:54:06] [10:54:06] Identity protection check complete.
[10:54:06] [10:54:06] ✓ Phase 4 complete
[10:54:06] [10:54:06]
[10:54:06] === PHASE 5: Intune Configuration ===
[10:54:06] [10:54:06] Intune not configured or accessible, skipping Phase 5
[10:54:06] [10:54:06]
[10:54:06] === PHASE 6: Azure Infrastructure Best Practices ===
[10:54:07] [10:54:07] Azure PowerShell context detected: Azure Subscription 2436775
[10:54:07] [10:54:07] Assessing Azure Virtual Desktop...
[10:54:11] [10:54:11] No AVD host pools found
[10:54:11] [10:54:11] Assessing Azure Compute resources...
[10:54:13] [10:54:13] No VMs found
[10:54:13] [10:54:13] Assessing Azure Networking...
[10:54:16] [10:54:16] No NSGs found
[10:54:16] [10:54:16] Assessing Azure Storage accounts...
[10:54:19] [10:54:19] No storage accounts found
[10:54:19] [10:54:19] Assessing Azure Security configuration...
[10:54:34] [10:54:34] Assessing Governance & Compliance...
[10:54:34] [10:54:34] No resource groups found in current Azure context/subscription (Azure Subscription 2436775).
[10:54:34] [10:54:34] Controleer of de juiste subscription actief is (Get-AzContext / Set-AzContext).
[10:54:34] [10:54:34] ✓ Phase 6 complete
[10:54:34] [10:54:34] Starting Hybrid Identity assessment...
[10:54:34] [10:54:34] === Hybrid Identity Assessment gestart ===
[10:54:34] [10:54:34] Organisatiegegevens ophalen...
[10:54:34] [10:54:34] Directory sync status controleren...
[10:54:34] [10:54:34] Tenant is pure cloud (geen AD Connect)
[10:54:34] [10:54:34] Authenticatietype detecteren...
[10:54:35] [10:54:35] Gebruikerstelling (synced vs cloud-only)...
[10:54:35] [10:54:35] Totaal: 18 | Synced: 0 | Cloud-only: 18
[10:54:35] [10:54:35] === Hybrid Identity Assessment voltooid ===
[10:54:35] [10:54:35] ✓ Hybrid Identity assessment voltooid
[10:54:35] [10:54:35] Connection summary: Graph=Connected, EXO=NotConnected, Teams=Connected, Azure=Connected
[10:54:35] [10:54:35] Generating HTML report...
[10:54:35] [10:54:35] ✓ Report saved: /Users/demac/Downloads/De-Scripts1/denjoy-platform/backend/storage/runs/0e3b4393-b256-47a9-9e5e-cedb3ebb6e50/M365-Complete-Baseline-20260315-105009.html
[10:54:35] [10:54:35] ✓ Snapshot saved: /Users/demac/Downloads/De-Scripts1/denjoy-platform/backend/storage/runs/0e3b4393-b256-47a9-9e5e-cedb3ebb6e50/_snapshots/M365-Complete-Baseline-20260315-105009.summary.json
[10:54:35] [10:54:35] ✓ Symlink created: /Users/demac/Downloads/De-Scripts1/denjoy-platform/backend/storage/runs/0e3b4393-b256-47a9-9e5e-cedb3ebb6e50/M365-Complete-Baseline-latest.html -> M365-Complete-Baseline-20260315-105009.html
[10:54:35] [10:54:35] Closing connections...
[10:54:35] [10:54:35] ✓ Disconnected from Microsoft Graph
[10:54:35] [10:54:35] ✓ Disconnected from Exchange Online
[10:54:35] [10:54:35] ✓ Disconnected from Microsoft Teams
[10:54:35] [10:54:35] ✓ Disconnected from Azure (Az)
[10:54:35] [10:54:35] All sessions closed.
[10:54:35] ╔══════════════════════════════════════════════════════════════╗
[10:54:35] ║   ASSESSMENT COMPLETE                                   ║
[10:54:35] ╚══════════════════════════════════════════════════════════════╝
[10:54:35] Duration: 04:26
[10:54:35] Report: /Users/demac/Downloads/De-Scripts1/denjoy-platform/backend/storage/runs/0e3b4393-b256-47a9-9e5e-cedb3ebb6e50/M365-Complete-Baseline-20260315-105009.html
[10:54:35] [*] Non-interactive mode detected; skipping open prompt.
[10:54:35] Open report manually: Start-Process '/Users/demac/Downloads/De-Scripts1/denjoy-platform/backend/storage/runs/0e3b4393-b256-47a9-9e5e-cedb3ebb6e50/M365-Complete-Baseline-20260315-105009.html'
[10:54:35] [10:54:35] PowerShell.Exiting detected - performing best-effort disconnect
[10:54:35] [10:54:35] Closing connections...
[10:54:35] [10:54:35] ✓ Disconnected from Exchange Online
[10:54:35] [10:54:35] Teams disconnect failed: Cannot invoke the pipeline because the runspace is not in the Opened state. Current state of the runspace is 'Closing'.
[10:54:35] [10:54:35] ✓ Disconnected from Azure (Az)
[10:54:35] [10:54:35] All sessions closed.
[10:54:35] PowerShell process exited with code 0
[10:54:35] Run completed.
