[23:28:47] Run queued.
[23:28:47] Run mode: script
[23:28:47] Scan type: full
[23:28:47] Phases: phase1, phase2, phase3, phase4, phase5, phase6
[23:28:47] Starting PowerShell assessment.
[23:28:47] Command: /usr/local/microsoft/powershell/7/pwsh -NoLogo -NoProfile -NonInteractive -File /Users/demac/Downloads/Denjoy-it-site-main-2/assessment/Start-M365BaselineAssessment.ps1 -OutputPath /Users/demac/Downloads/Denjoy-it-site-main-2/backend/storage/runs/df6692ba-cbf1-4a19-903a-f4d0c585212b -ExportCsv -ExportJson -TenantId 5949c95e-86e7-4c31-ae4e-ba49d0477959 -ClientId 2c6c9d78-f907-4912-a4a7-24c98e45eb99
[23:28:48] ╔══════════════════════════════════════════════════════════════╗
[23:28:48] ║   M365 COMPLETE BASELINE ASSESSMENT (MODULAR)                ║
[23:28:48] ║   Version: 3.1.0                                             ║
[23:28:48] ╚══════════════════════════════════════════════════════════════╝
[23:28:48] [*] Loading modules...
[23:28:48]   ✓ Authentication module loaded
[23:28:48]   ✓ HtmlReporting modules loaded (Core + Phase1-6)
[23:28:48]   ✓ Phase1-UsersLicensing module loaded
[23:28:48]   ✓ Phase2-CollaborationStorage module loaded
[23:28:48]   ✓ Phase3-ComplianceSecurity module loaded
[23:28:48]   ✓ Phase4-AdvancedSecurity module loaded
[23:28:48]   ✓ Phase5-IntuneConfig module loaded
[23:28:48]   ✓ Phase6-AzureInfrastructure module loaded
[23:28:48]   ✓ Phase-HybridIdentity module loaded
[23:28:48]   ✓ HtmlReporting-Compliance module loaded
[23:28:48]   ✓ Export-AssessmentJson module loaded
[23:28:48]   ✓ Export-AssessmentCsv module loaded
[23:28:48] [*] All modules loaded successfully
[23:28:48] [23:28:48] Connecting to Microsoft Graph...
[23:28:48] [23:28:48] Using app-only Graph authentication (non-interactive).
[23:28:49] [23:28:49] ✓ Connected to tenant: Zorg en Vrij (5949c95e-86e7-4c31-ae4e-ba49d0477959)
[23:28:49] [23:28:49] ✓ Connected to Microsoft Graph
[23:28:56] [23:28:56] ✓ Connected to Microsoft Teams PowerShell session
[23:28:56] [23:28:56] Interactive Exchange connection failed or requires credentials: Could not load file or assembly '/Users/demac/.local/share/powershell/Modules/ExchangeOnlineManagement/3.9.2/netCore/Microsoft.Identity.Client.dll'. The located assembly's manifest definition does not match the assembly reference. (0x80131040)
[23:28:57] [23:28:57]
[23:28:57] === PHASE 1: Users, Licensing & Security Basics ===
[23:28:57] [23:28:57] Collecting Global Administrators...
[23:28:58] [23:28:58] Collecting license information...
[23:28:58] [23:28:58] Collecting all users...
[23:28:58] [23:28:58] Checking MFA status...
[23:29:05] [23:29:05] Found 10 users WITH registered MFA, 3 WITHOUT
[23:29:05] [23:29:05] NOTE: This checks MFA instellingen, not per-user enforcement status
[23:29:05] [23:29:05] Processing license details...
[23:29:05] [23:29:05] ✓ Phase 1 complete
[23:29:05] [23:29:05]
[23:29:05] === PHASE 2: Collaboration & Storage ===
[23:29:05] [23:29:05] Collecting Teams data...
[23:29:07] [23:29:07] Collecting SharePoint sites with storage info...
[23:29:10] [23:29:10] Checking 5 M365 Groups for SharePoint sites...
[23:29:11] [23:29:11] Found site via Get-MgGroupSite: All Company Michelle Hubers Kaan Kaya All_users365 Ron van Loenen Sales printer | Wijzijnzorgenvrij.nl Gerard Lether Zorg&Vrij communicatie Kath Brink Wijzijnzorgenvrij Ronald van Adrichem Stephanie Proost cloudadmin Team site  Communicatiesite
[23:29:11] [23:29:11] Found site via Get-MgGroupSite: All Company Michelle Hubers Kaan Kaya All_users365 Ron van Loenen Sales printer | Wijzijnzorgenvrij.nl Gerard Lether Zorg&Vrij communicatie Kath Brink Wijzijnzorgenvrij Ronald van Adrichem Stephanie Proost cloudadmin Team site  Communicatiesite
[23:29:11] [23:29:11] Found site via Get-MgGroupSite: All Company Michelle Hubers Kaan Kaya All_users365 Ron van Loenen Sales printer | Wijzijnzorgenvrij.nl Gerard Lether Zorg&Vrij communicatie Kath Brink Wijzijnzorgenvrij Ronald van Adrichem Stephanie Proost cloudadmin Team site  Communicatiesite
[23:29:11] [23:29:11] Found site via Get-MgGroupSite: All Company Michelle Hubers Kaan Kaya All_users365 Ron van Loenen Sales printer | Wijzijnzorgenvrij.nl Gerard Lether Zorg&Vrij communicatie Kath Brink Wijzijnzorgenvrij Ronald van Adrichem Stephanie Proost cloudadmin Team site  Communicatiesite
[23:29:11] [23:29:11] Found site via Get-MgGroupSite: All Company Michelle Hubers Kaan Kaya All_users365 Ron van Loenen Sales printer | Wijzijnzorgenvrij.nl Gerard Lether Zorg&Vrij communicatie Kath Brink Wijzijnzorgenvrij Ronald van Adrichem Stephanie Proost cloudadmin Team site  Communicatiesite
[23:29:11] [23:29:11] Searching for additional sites via Search API...
[23:29:11] [23:29:11] Trying common site URL patterns...
[23:29:12] [23:29:12] Found 45 OneDrive sites
[23:29:39] [23:29:39] Found 41 SharePoint sites, 0 inactive (>90 days)
[23:29:39] [23:29:39] Total SharePoint storage: 95.85 GB
[23:29:39] [23:29:39] Processing OneDrive sites via Reports API...
[23:29:42] [32;1mAccount                        [0m[32;1m Environment[0m[32;1m Tenant                              [0m[32;1m TenantId[0m
[23:29:42] [32;1m-------                        [0m [32;1m-----------[0m [32;1m------                              [0m [32;1m--------[0m
[23:29:42] cloudadmin@wijzijnzorgenvrij.nl AzureCloud  5949c95e-86e7-4c31-ae4e-ba49d0477959 5949c95e-86e7-4c31-ae4e-ba49d0477959
[23:29:42] [31;1mGet-MgAdminReportSetting_Get: [31;1m{"error":{"code":"S2SUnauthorized","message":"Invalid permission."}}  Status: 403 (Forbidden) ErrorCode: UnknownError Date: 2026-03-28T22:29:42  Headers: Cache-Control                 : no-store, no-cache, max-age=0, s-maxage=0, private Vary                          :[0m
[23:29:42] [31;1m[31;1mAccept-Encoding Strict-Transport-Security     : max-age=31536000 request-id                    : 926530d2-3020-4ce9-bf1c-59c5352a90f9 client-request-id             : 2f6ae077-7a96-4dc9-83fc-79ef5b26e3f3 x-ms-ags-diagnostic           : {"ServerInfo":{"DataCenter":"West[0m
[23:29:42] [31;1m[31;1mEurope","Slice":"E","Ring":"5","ScaleUnit":"001","RoleInstance":"AM4PEPF00015126"}} Date                          : Sat, 28 Mar 2026 22:29:41 GM[0m
[23:29:42] [31;1m[31;1m[0m
[23:29:42] [31;1m[31;1m[0m[31;1m  Recommendation: See service error codes: https://learn.microsoft.com/graph/errors[0m
[23:29:43] [23:29:43] ✓ OneDrive data collected: 9 OneDrives, 48.18 GB used
[23:29:43] [23:29:43] Collecting M365 Groups...
[23:29:44] [23:29:44] Collecting all groups...
[23:29:44] [23:29:44] Collecting Exchange Online data via Graph...
[23:29:44] [23:29:44] Connecting to Exchange Online...
[23:29:44] [23:29:44] Exchange Online connection parameters not provided - using Graph API only
[23:29:44] [23:29:44] Collecting per-mailbox SMTP AUTH status via Get-EXOMailbox...
[23:29:44] [23:29:44] Primary Get-EXOMailbox failed: Could not load file or assembly 'Microsoft.Identity.Client, Version=4.74.1.0, Culture=neutral, PublicKeyToken=0a613f4dd989e8ae'. The located assembly's manifest definition does not match the assembly reference. (0x80131040)
[23:29:44] [23:29:44] Exchange Online PowerShell not available; skipping modern-auth mailbox checks.
[23:29:45] [23:29:45] ✓ Exchange Online data collected via Graph
[23:29:45] [23:29:45] Collecting Exchange security settings...
[23:29:45] [23:29:45] Checking Exchange DNS records...
[23:29:46] [23:29:46] Collecting directory roles...
[23:29:47] [23:29:47] ✓ Role assignments collected
[23:29:47] [23:29:47] Collecting Teams external access and meeting policies...
[23:29:49] [23:29:49] Meeting policies retrieved via Teams PowerShell fallback
[23:29:49] [23:29:49] Collecting Teams guest access settings...
[23:29:49] [23:29:49] Evaluating SharePoint default link type per site (best-effort)...
[23:29:54] [23:29:54] Collecting SharePoint tenant sharing settings...
[23:29:54] [23:29:54] Detecting group naming policies (affects Teams) and site naming guidance...
[23:29:54] [23:29:54] TODO 005: Checking SMTP AUTH status per mailbox...
[23:29:54] [23:29:54] TODO 005: Exchange Online not connected - SMTP AUTH cannot be checked without Exchange. Graph API does not expose per-mailbox SmtpClientAuthenticationDisabled.
[23:29:54] [23:29:54] TODO 007: Checking Teams external access configuration...
[23:29:55] [23:29:55] TODO 007: Teams federation - AllowFederated: True, AllowPublic: , AllowTeamsConsumer: True
[23:29:55] [23:29:55] TODO 008: Checking Teams meeting policies...
[23:29:55] [23:29:55] TODO 008: Retrieved 7 Teams meeting policies.
[23:29:55] [23:29:55] TODO 009: Checking Teams/Groups naming policies via Microsoft Graph...
[23:29:55] [23:29:55] TODO 009: Get-MgDirectorySetting failed: The term 'Get-MgDirectorySetting' is not recognized as a name of a cmdlet, function, script file, or executable program.
[23:29:55] Check the spelling of the name, or if a path was included, verify that the path is correct and try again.
[23:29:55] [23:29:55] TODO 010: Checking SharePoint default link types per site...
[23:29:55] [23:29:55] TODO 010: PnP PowerShell available - using Get-PnPTenantSite...
[23:29:55] [23:29:55] TODO 010: Get-PnPTenantSite failed: You are not signed in. Please use Connect-PnPOnline to connect.. Falling back to Graph...
[23:29:55] [23:29:55] TODO 010: Using Microsoft Graph to enumerate sites (DefaultSharingLinkType not available via Graph - recording site list only)...
[23:29:57] [23:29:57] TODO 010: Graph enumerated 17 sites, 0 flagged for anonymous/external sharing.
[23:29:57] [23:29:57] ✓ Phase 2 complete
[23:29:57] [23:29:57]
[23:29:57] === PHASE 3: Compliance & Security Policies ===
[23:29:57] [23:29:57] Collecting Conditional Access policies...
[23:29:58] [23:29:58] Checking Security Defaults...
[23:29:58] [23:29:58] Checking Audit Log configuration...
[23:29:58] [23:29:58] Collecting App Registrations...
[23:30:02] [23:30:02] Processing 7 app registrations...
[23:30:23] [23:30:23] ✓ Found 7 app registrations
[23:30:23] [23:30:23] Checking legacy authentication policy and sign-in activity...
[23:30:23] [23:30:23] Legacy auth policy retrieved (BlockMsolPowerShell=False)
[23:30:45] [23:30:45] Legacy auth 'Exchange ActiveSync': 0 recent sign-in(s) found
[23:31:06] [23:31:06] Legacy auth 'IMAP': 0 recent sign-in(s) found
[23:31:24] [23:31:24] Legacy auth 'POP3': 0 recent sign-in(s) found
[23:31:44] [23:31:44] Legacy auth 'SMTP': 0 recent sign-in(s) found
[23:32:04] [23:32:04] Legacy auth 'Autodiscover': 0 recent sign-in(s) found
[23:32:27] [23:32:27] Legacy auth 'Other clients': 0 recent sign-in(s) found
[23:32:27] [23:32:27] Legacy auth check complete — 0 recent legacy sign-in(s), 0 unique user(s)
[23:32:27] [23:32:27] Checking retention policies via Microsoft Graph / Purview...
[23:32:27] [23:32:27] compliance/retentionPolicies endpoint not available: Response status code does not indicate success: BadRequest (Bad Request).
[23:32:27] [23:32:27] eDiscovery retention policies endpoint not available: Response status code does not indicate success: BadRequest (Bad Request).
[23:32:27] [23:32:27] No supported retention policy endpoint was accessible. Permissions may be insufficient (requires Compliance Administrator or equivalent).
[23:32:27] [23:32:27] Checking sensitivity labels via Microsoft Graph / Security API...
[23:32:27] [23:32:27] security/informationProtection/sensitivityLabels endpoint not available: Response status code does not indicate success: BadRequest (Bad Request).
[23:32:27] [23:32:27] Get-MgSecurityInformationProtectionSensitivityLabel not available: The term 'Get-MgSecurityInformationProtectionSensitivityLabel' is not recognized as a name of a cmdlet, function, script file, or executable program.
[23:32:27] Check the spelling of the name, or if a path was included, verify that the path is correct and try again.
[23:32:27] [23:32:27] No supported sensitivity label endpoint was accessible. Permissions may be insufficient (requires InformationProtectionPolicy.Read or equivalent).
[23:32:27] [23:32:27] ✓ Phase 3 complete
[23:32:27] [23:32:27] Running CA ↔ MFA cross-check...
[23:32:27] [23:32:27] CA↔MFA cross-check completed: found 4 enabled policies requiring MFA
[23:32:27] [23:32:27]
[23:32:27] === PHASE 4: Advanced Security & Compliance ===
[23:32:27] [23:32:27] Collecting Microsoft Secure Score...
[23:32:28] [23:32:28] Collecting Secure Score recommendations...
[23:32:29] [23:32:29] Checking admin password ages...
[23:32:29] [23:32:29] Detecting break glass accounts...
[23:32:29] [23:32:29] Checking GDAP/GSAP relationships...
[23:32:30] [23:32:30] No GDAP relationships found
[23:32:30] [23:32:30] Checking password policies...
[23:32:30] [23:32:30] Checking guest invite settings...
[23:32:30] [23:32:30] Checking device registration policies...
[23:32:31] [23:32:31] Analyzing location-based CA policies...
[23:32:31] [23:32:31] Analyzing device-based CA policies...
[23:32:31] [23:32:31] Collecting active security alerts...
[23:32:41] [23:32:41] Security alerts collected via Get-MgSecurityAlert: Total=5, High=0, Medium=0, Low=5
[23:32:41] [23:32:41] Alert policies check complete.
[23:32:41] [23:32:41] Checking Identity Protection data...
[23:32:41] [23:32:41] Azure AD P2 detected. Collecting risky users...
[23:32:41] [23:32:41] Risky users at-risk: 0
[23:32:41] [23:32:41] Risk detections collected: 0
[23:32:41] [23:32:41] Identity protection check complete.
[23:32:41] [23:32:41] ✓ Phase 4 complete
[23:32:41] [23:32:41]
[23:32:41] === PHASE 5: Intune Configuration ===
[23:32:41] [23:32:41] Intune not configured or accessible, skipping Phase 5
[23:32:41] [23:32:41]
[23:32:41] === PHASE 6: Azure Infrastructure Best Practices ===
[23:32:41] [23:32:41] Azure PowerShell context detected: Azure Subscription 2436775
[23:32:41] [23:32:41] Assessing Azure Virtual Desktop...
[23:32:47] [23:32:47] No AVD host pools found
[23:32:47] [23:32:47] Assessing Azure Compute resources...
[23:32:51] [23:32:51] No VMs found
[23:32:51] [23:32:51] Assessing Azure Networking...
[23:32:56] [23:32:56] No NSGs found
[23:32:56] [23:32:56] Assessing Azure Storage accounts...
[23:33:00] [23:33:00] No storage accounts found
[23:33:00] [23:33:00] Assessing Azure Security configuration...
[23:33:08] [23:33:08] Found 18 Defender for Cloud plans
[23:33:22] [23:33:22] Found 1 policy assignments
[23:33:22] [23:33:22] Assessing Governance & Compliance...
[23:33:26] [23:33:26] Found 9 resource groups with 1 resources (9 untagged, 0 locked)
[23:33:27] [23:33:26] ✓ Phase 6 complete
[23:33:27] [23:33:27] Starting Hybrid Identity assessment...
[23:33:27] [23:33:27] === Hybrid Identity Assessment gestart ===
[23:33:27] [23:33:27] Organisatiegegevens ophalen...
[23:33:27] [23:33:27] Directory sync status controleren...
[23:33:27] [23:33:27] Tenant is pure cloud (geen AD Connect)
[23:33:27] [23:33:27] Authenticatietype detecteren...
[23:33:27] [23:33:27] Gebruikerstelling (synced vs cloud-only)...
[23:33:27] [23:33:27] Totaal: 18 | Synced: 0 | Cloud-only: 18
[23:33:27] [23:33:27] === Hybrid Identity Assessment voltooid ===
[23:33:27] [23:33:27] ✓ Hybrid Identity assessment voltooid
[23:33:27] [23:33:27] Connection summary: Graph=Connected, EXO=NotConnected, Teams=Connected, Azure=Connected
[23:33:27] [23:33:27] Generating HTML report...
[23:33:27] [23:33:27] ✓ Report saved: /Users/demac/Downloads/Denjoy-it-site-main-2/backend/storage/runs/df6692ba-cbf1-4a19-903a-f4d0c585212b/M365-Complete-Baseline-20260328-232848.html
[23:33:27] [23:33:27] ✓ Snapshot saved: /Users/demac/Downloads/Denjoy-it-site-main-2/backend/storage/runs/df6692ba-cbf1-4a19-903a-f4d0c585212b/_snapshots/M365-Complete-Baseline-20260328-232848.summary.json
[23:33:27] [23:33:27] ✓ Report metadata saved: /Users/demac/Downloads/Denjoy-it-site-main-2/backend/storage/runs/df6692ba-cbf1-4a19-903a-f4d0c585212b/M365-Complete-Baseline-20260328-232848.metadata.json
[23:33:27] [23:33:27] ✓ Symlink created: /Users/demac/Downloads/Denjoy-it-site-main-2/backend/storage/runs/df6692ba-cbf1-4a19-903a-f4d0c585212b/M365-Complete-Baseline-latest.html -> M365-Complete-Baseline-20260328-232848.html
[23:33:27] [23:33:27] ✓ Latest metadata updated: /Users/demac/Downloads/Denjoy-it-site-main-2/backend/storage/runs/df6692ba-cbf1-4a19-903a-f4d0c585212b/M365-Complete-Baseline-latest.metadata.json
[23:33:27] [23:33:27] Portal JSON export starten...
[23:33:27] [23:33:27] ✓ Phase 1 portal JSON geëxporteerd naar /Users/demac/Downloads/Denjoy-it-site-main-2/backend/storage/runs/df6692ba-cbf1-4a19-903a-f4d0c585212b/json/phase1
[23:33:27] [JSON] ✓ Portal JSON export voltooid → /Users/demac/Downloads/Denjoy-it-site-main-2/backend/storage/runs/df6692ba-cbf1-4a19-903a-f4d0c585212b/json
[23:33:27] [23:33:27] ✓ Portal JSON export voltooid → /Users/demac/Downloads/Denjoy-it-site-main-2/backend/storage/runs/df6692ba-cbf1-4a19-903a-f4d0c585212b/json
[23:33:27] [23:33:27] Closing connections...
[23:33:27] [23:33:27] ✓ Disconnected via Disconnect-MgGraph
[23:33:27] [23:33:27] ✓ Disconnected via Disconnect-ExchangeOnline
[23:33:28] [23:33:28] ✓ Disconnected via Disconnect-MicrosoftTeams
[23:33:28] [23:33:28] ✓ Disconnected via Disconnect-AzAccount(Process)
[23:33:28] [23:33:28] ✓ Disconnected via Disconnect-AzAccount(CurrentUser)
[23:33:28] [23:33:28] Disconnect-PnPOnline disconnect failed: No connection to disconnect
[23:33:34] [23:33:34] Post-cleanup state: Graph=NotConnected, EXO=NotConnected, Teams=NotConnected, Azure=NotConnected
[23:33:34] [23:33:34] All sessions closed.
[23:33:34] ╔══════════════════════════════════════════════════════════════╗
[23:33:34] ║   ASSESSMENT COMPLETE                                   ║
[23:33:34] ╚══════════════════════════════════════════════════════════════╝
[23:33:34] Duration: 04:46
[23:33:34] Report: /Users/demac/Downloads/Denjoy-it-site-main-2/backend/storage/runs/df6692ba-cbf1-4a19-903a-f4d0c585212b/M365-Complete-Baseline-20260328-232848.html
[23:33:34] [*] Non-interactive mode detected; skipping open prompt.
[23:33:34] Open report manually: Start-Process '/Users/demac/Downloads/Denjoy-it-site-main-2/backend/storage/runs/df6692ba-cbf1-4a19-903a-f4d0c585212b/M365-Complete-Baseline-20260328-232848.html'
[23:33:34] [23:33:34] PowerShell.Exiting detected - performing best-effort disconnect
[23:33:34] [23:33:34] Closing connections...
[23:33:34] [23:33:34] ✓ Disconnected via Disconnect-ExchangeOnline
[23:33:34] [23:33:34] Disconnect-MicrosoftTeams disconnect failed: Cannot invoke the pipeline because the runspace is not in the Opened state. Current state of the runspace is 'Closing'.
[23:33:34] [23:33:34] ✓ Disconnected via Disconnect-AzAccount(Process)
[23:33:34] [23:33:34] ✓ Disconnected via Disconnect-AzAccount(CurrentUser)
[23:33:34] [23:33:34] Disconnect-PnPOnline disconnect failed: No connection to disconnect
[23:33:34] [23:33:34] Post-cleanup state: Graph=NotConnected, EXO=NotConnected, Teams=NotConnected, Azure=NotConnected
[23:33:34] [23:33:34] All sessions closed.
[23:33:34] PowerShell process exited with code 0
[23:33:34] Run completed.
[23:33:34] 36 portal JSON snapshots opgeslagen in database.
