[20:26:10] Run queued.
[20:26:10] Run mode: script
[20:26:10] Phases: phase1, phase2, phase3, phase4, phase5, phase6
[20:26:10] Starting PowerShell assessment.
[20:26:10] Command: /usr/local/microsoft/powershell/7/pwsh -NoLogo -NoProfile -NonInteractive -File /Users/demac/Downloads/De-Scripts1/denjoy-platform/assessment/Start-M365BaselineAssessment.ps1 -OutputPath /Users/demac/Downloads/De-Scripts1/denjoy-platform/backend/storage/runs/740c5bac-5310-44a8-96ab-5537a19ca62b -ExportCsv
[20:26:10] ╔══════════════════════════════════════════════════════════════╗
[20:26:10] ║   M365 COMPLETE BASELINE ASSESSMENT (MODULAR)                ║
[20:26:10] ║   Version: 3.1.0                                             ║
[20:26:10] ╚══════════════════════════════════════════════════════════════╝
[20:26:10] [*] Loading modules...
[20:26:10]   ✓ Authentication module loaded
[20:26:10]   ✓ HtmlReporting modules loaded (Core + Phase1-6)
[20:26:10]   ✓ Phase1-UsersLicensing module loaded
[20:26:10]   ✓ Phase2-CollaborationStorage module loaded
[20:26:10]   ✓ Phase3-ComplianceSecurity module loaded
[20:26:10]   ✓ Phase4-AdvancedSecurity module loaded
[20:26:10]   ✓ Phase5-IntuneConfig module loaded
[20:26:10]   ✓ Phase6-AzureInfrastructure module loaded
[20:26:10]   ✓ Phase-HybridIdentity module loaded
[20:26:10]   ✓ HtmlReporting-Compliance module loaded
[20:26:10]   ✓ Export-AssessmentCsv module loaded
[20:26:10] [*] All modules loaded successfully
[20:26:10] [20:26:10] Connecting to Microsoft Graph...
[20:26:14] [20:26:14] ✓ Connected to tenant: Zorg en Vrij (5949c95e-86e7-4c31-ae4e-ba49d0477959)
[20:26:14] [20:26:14] ✓ Connected to Microsoft Graph
[20:26:20] [20:26:20] ✓ Connected to Microsoft Teams PowerShell session
[20:26:21] [20:26:21] Interactive Exchange connection failed or requires credentials: Could not load file or assembly '/Users/demac/.local/share/powershell/Modules/ExchangeOnlineManagement/3.9.2/netCore/Microsoft.Identity.Client.dll'. The located assembly's manifest definition does not match the assembly reference. (0x80131040)
[20:26:22] [20:26:22]
[20:26:22] === PHASE 1: Users, Licensing & Security Basics ===
[20:26:22] [20:26:22] Collecting Global Administrators...
[20:26:23] [20:26:23] Collecting license information...
[20:26:23] [20:26:23] Collecting all users...
[20:26:23] [20:26:23] Checking MFA status...
[20:26:30] [20:26:30] Found 10 users WITH registered MFA, 3 WITHOUT
[20:26:30] [20:26:30] NOTE: This checks MFA instellingen, not per-user enforcement status
[20:26:30] [20:26:30] Processing license details...
[20:26:30] [20:26:30] ✓ Phase 1 complete
[20:26:30] [20:26:30]
[20:26:30] === PHASE 2: Collaboration & Storage ===
[20:26:30] [20:26:30] Collecting Teams data...
[20:26:32] [20:26:32] Collecting SharePoint sites with storage info...
[20:26:35] [20:26:35] Checking 5 M365 Groups for SharePoint sites...
[20:26:36] [20:26:36] Found site via MailNickname: Wijzijnzorgenvrij
[20:26:36] [20:26:36] Found site via direct URL: All_users365
[20:26:37] [20:26:37] Found site via MailNickname: All Company
[20:26:37] [20:26:37] Searching for additional sites via Search API...
[20:26:38] [20:26:38] Trying common site URL patterns...
[20:26:43] [20:26:43] Found 0 OneDrive sites
[20:26:51] [20:26:51] Found 4 SharePoint sites, 0 inactive (>90 days)
[20:26:51] [20:26:51] Total SharePoint storage: 18.78 GB
[20:26:51] [20:26:51] Processing OneDrive sites via Reports API...
[20:26:55] [20:26:55] ✓ OneDrive data collected: 9 OneDrives, 48.2 GB used
[20:26:55] [20:26:55] Collecting M365 Groups...
[20:26:56] [20:26:56] Collecting all groups...
[20:26:57] [20:26:57] Collecting Exchange Online data via Graph...
[20:26:57] [20:26:57] Connecting to Exchange Online...
[20:26:57] [20:26:57] Exchange Online connection parameters not provided - using Graph API only
[20:26:57] [20:26:57] Collecting per-mailbox SMTP AUTH status via Get-EXOMailbox...
[20:26:57] [20:26:57] Primary Get-EXOMailbox failed: Could not load file or assembly 'Microsoft.Identity.Client, Version=4.74.1.0, Culture=neutral, PublicKeyToken=0a613f4dd989e8ae'. The located assembly's manifest definition does not match the assembly reference. (0x80131040)
[20:26:57] [20:26:57] Exchange Online PowerShell not available; skipping modern-auth mailbox checks.
[20:26:57] [20:26:57] ✓ Exchange Online data collected via Graph
[20:26:57] [20:26:57] Collecting Exchange security settings...
[20:26:57] [20:26:57] Checking Exchange DNS records...
[20:26:58] [20:26:58] Collecting directory roles...
[20:27:00] [20:27:00] ✓ Role assignments collected
[20:27:00] [20:27:00] Collecting Teams external access and meeting policies...
[20:27:02] [20:27:02] Meeting policies retrieved via Teams PowerShell fallback
[20:27:02] [20:27:02] Collecting Teams guest access settings...
[20:27:02] [20:27:02] Evaluating SharePoint default link type per site (best-effort)...
[20:27:03] [20:27:03] Collecting SharePoint tenant sharing settings...
[20:27:03] [20:27:03] Detecting group naming policies (affects Teams) and site naming guidance...
[20:27:03] [20:27:03] TODO 005: Checking SMTP AUTH status per mailbox...
[20:27:03] [20:27:03] TODO 005: Exchange Online not connected - SMTP AUTH cannot be checked without Exchange. Graph API does not expose per-mailbox SmtpClientAuthenticationDisabled.
[20:27:03] [20:27:03] TODO 007: Checking Teams external access configuration...
[20:27:03] [20:27:03] TODO 007: Teams federation - AllowFederated: True, AllowPublic: , AllowTeamsConsumer: True
[20:27:03] [20:27:03] TODO 008: Checking Teams meeting policies...
[20:27:03] [20:27:03] TODO 008: Retrieved 7 Teams meeting policies.
[20:27:03] [20:27:03] TODO 009: Checking Teams/Groups naming policies via Microsoft Graph...
[20:27:04] [20:27:04] TODO 009: Get-MgDirectorySetting failed: The term 'Get-MgDirectorySetting' is not recognized as a name of a cmdlet, function, script file, or executable program.
[20:27:04] Check the spelling of the name, or if a path was included, verify that the path is correct and try again.
[20:27:04] [20:27:04] TODO 010: Checking SharePoint default link types per site...
[20:27:04] [20:27:04] TODO 010: PnP PowerShell available - using Get-PnPTenantSite...
[20:27:04] [20:27:04] TODO 010: Get-PnPTenantSite failed: You are not signed in. Please use Connect-PnPOnline to connect.. Falling back to Graph...
[20:27:04] [20:27:04] TODO 010: Using Microsoft Graph to enumerate sites (DefaultSharingLinkType not available via Graph - recording site list only)...
[20:27:04] [20:27:04] TODO 010: Graph enumerated 0 sites, 0 flagged for anonymous/external sharing.
[20:27:04] [20:27:04] ✓ Phase 2 complete
[20:27:04] [20:27:04]
[20:27:04] === PHASE 3: Compliance & Security Policies ===
[20:27:04] [20:27:04] Collecting Conditional Access policies...
[20:27:04] [20:27:04] Checking Security Defaults...
[20:27:05] [20:27:05] Checking Audit Log configuration...
[20:27:05] [20:27:05] Collecting App Registrations...
[20:27:08] [20:27:08] Processing 6 app registrations...
[20:27:34] [20:27:34] ✓ Found 6 app registrations
[20:27:34] [20:27:34] Checking legacy authentication policy and sign-in activity...
[20:27:34] [20:27:34] Legacy auth policy retrieved (BlockMsolPowerShell=False)
[20:27:54] [20:27:54] Legacy auth 'Exchange ActiveSync': 0 recent sign-in(s) found
[20:28:16] [20:28:16] Legacy auth 'IMAP': 0 recent sign-in(s) found
[20:28:33] [20:28:33] Legacy auth 'POP3': 0 recent sign-in(s) found
[20:28:53] [20:28:53] Legacy auth 'SMTP': 0 recent sign-in(s) found
[20:29:14] [20:29:14] Legacy auth 'Autodiscover': 0 recent sign-in(s) found
[20:29:34] [20:29:34] Legacy auth 'Other clients': 0 recent sign-in(s) found
[20:29:34] [20:29:34] Legacy auth check complete — 0 recent legacy sign-in(s), 0 unique user(s)
[20:29:34] [20:29:34] Checking retention policies via Microsoft Graph / Purview...
[20:29:35] [20:29:35] compliance/retentionPolicies endpoint not available: Response status code does not indicate success: BadRequest (Bad Request).
[20:29:36] [20:29:36] eDiscovery retention policies endpoint not available: Response status code does not indicate success: BadRequest (Bad Request).
[20:29:36] [20:29:36] No supported retention policy endpoint was accessible. Permissions may be insufficient (requires Compliance Administrator or equivalent).
[20:29:36] [20:29:36] Checking sensitivity labels via Microsoft Graph / Security API...
[20:29:37] [20:29:37] security/informationProtection/sensitivityLabels endpoint not available: Response status code does not indicate success: BadRequest (Bad Request).
[20:29:37] [20:29:37] Get-MgSecurityInformationProtectionSensitivityLabel not available: The term 'Get-MgSecurityInformationProtectionSensitivityLabel' is not recognized as a name of a cmdlet, function, script file, or executable program.
[20:29:37] Check the spelling of the name, or if a path was included, verify that the path is correct and try again.
[20:29:37] [20:29:37] No supported sensitivity label endpoint was accessible. Permissions may be insufficient (requires InformationProtectionPolicy.Read or equivalent).
[20:29:37] [20:29:37] ✓ Phase 3 complete
[20:29:37] [20:29:37] Running CA ↔ MFA cross-check...
[20:29:37] [20:29:37] CA↔MFA cross-check completed: found 4 enabled policies requiring MFA
[20:29:37] [20:29:37]
[20:29:37] === PHASE 4: Advanced Security & Compliance ===
[20:29:37] [20:29:37] Collecting Microsoft Secure Score...
[20:29:38] [20:29:38] Collecting Secure Score recommendations...
[20:29:39] [20:29:39] Checking admin password ages...
[20:29:40] [20:29:40] Detecting break glass accounts...
[20:29:40] [20:29:40] Checking GDAP/GSAP relationships...
[20:29:42] [20:29:42] No GDAP relationships found
[20:29:42] [20:29:42] Checking password policies...
[20:29:42] [20:29:42] Checking guest invite settings...
[20:29:42] [20:29:42] Checking device registration policies...
[20:29:43] [20:29:43] Analyzing location-based CA policies...
[20:29:43] [20:29:43] Analyzing device-based CA policies...
[20:29:43] [20:29:43] Collecting active security alerts...
[20:29:48] [20:29:48] Security alerts collected via Get-MgSecurityAlert: Total=0, High=0, Medium=0, Low=0
[20:29:50] [20:29:50] Alert policies check complete.
[20:29:50] [20:29:50] Checking Identity Protection data...
[20:29:50] [20:29:50] Azure AD P2 detected. Collecting risky users...
[20:29:50] [20:29:50] Risky users at-risk: 0
[20:29:50] [20:29:50] Risk detections collected: 0
[20:29:50] [20:29:50] Identity protection check complete.
[20:29:50] [20:29:50] ✓ Phase 4 complete
[20:29:50] [20:29:50]
[20:29:50] === PHASE 5: Intune Configuration ===
[20:29:50] [20:29:50] Intune not configured or accessible, skipping Phase 5
[20:29:50] [20:29:50]
[20:29:50] === PHASE 6: Azure Infrastructure Best Practices ===
[20:29:50] [20:29:50] Azure PowerShell context detected: Azure Subscription 2436775
[20:29:50] [20:29:50] Assessing Azure Virtual Desktop...
[20:29:54] [20:29:54] No AVD host pools found
[20:29:54] [20:29:54] Assessing Azure Compute resources...
[20:29:58] [20:29:58] No VMs found
[20:29:58] [20:29:58] Assessing Azure Networking...
[20:30:01] [20:30:01] No NSGs found
[20:30:01] [20:30:01] Assessing Azure Storage accounts...
[20:30:04] [20:30:04] No storage accounts found
[20:30:04] [20:30:04] Assessing Azure Security configuration...
[20:30:22] [20:30:22] Assessing Governance & Compliance...
[20:30:22] [20:30:22] No resource groups found in current Azure context/subscription (Azure Subscription 2436775).
[20:30:22] [20:30:22] Controleer of de juiste subscription actief is (Get-AzContext / Set-AzContext).
[20:30:22] [20:30:22] ✓ Phase 6 complete
[20:30:22] [20:30:22] Starting Hybrid Identity assessment...
[20:30:22] [20:30:22] === Hybrid Identity Assessment gestart ===
[20:30:22] [20:30:22] Organisatiegegevens ophalen...
[20:30:22] [20:30:22] Directory sync status controleren...
[20:30:22] [20:30:22] Tenant is pure cloud (geen AD Connect)
[20:30:22] [20:30:22] Authenticatietype detecteren...
[20:30:22] [20:30:22] Gebruikerstelling (synced vs cloud-only)...
[20:30:23] [20:30:23] Totaal: 18 | Synced: 0 | Cloud-only: 18
[20:30:23] [20:30:23] === Hybrid Identity Assessment voltooid ===
[20:30:23] [20:30:23] ✓ Hybrid Identity assessment voltooid
[20:30:23] [20:30:23] Connection summary: Graph=Connected, EXO=NotConnected, Teams=Connected, Azure=Connected
[20:30:23] [20:30:23] Generating HTML report...
[20:30:23] [20:30:23] ✓ Report saved: /Users/demac/Downloads/De-Scripts1/denjoy-platform/backend/storage/runs/740c5bac-5310-44a8-96ab-5537a19ca62b/M365-Complete-Baseline-20260315-202610.html
[20:30:23] [20:30:23] ✓ Snapshot saved: /Users/demac/Downloads/De-Scripts1/denjoy-platform/backend/storage/runs/740c5bac-5310-44a8-96ab-5537a19ca62b/_snapshots/M365-Complete-Baseline-20260315-202610.summary.json
[20:30:23] [20:30:23] ✓ Symlink created: /Users/demac/Downloads/De-Scripts1/denjoy-platform/backend/storage/runs/740c5bac-5310-44a8-96ab-5537a19ca62b/M365-Complete-Baseline-latest.html -> M365-Complete-Baseline-20260315-202610.html
[20:30:23] [20:30:23] Closing connections...
[20:30:23] [20:30:23] ✓ Disconnected from Microsoft Graph
[20:30:23] [20:30:23] ✓ Disconnected from Exchange Online
[20:30:23] [20:30:23] ✓ Disconnected from Microsoft Teams
[20:30:23] [20:30:23] ✓ Disconnected from Azure (Az)
[20:30:23] [20:30:23] All sessions closed.
[20:30:23] ╔══════════════════════════════════════════════════════════════╗
[20:30:23] ║   ASSESSMENT COMPLETE                                   ║
[20:30:23] ╚══════════════════════════════════════════════════════════════╝
[20:30:23] Duration: 04:12
[20:30:23] Report: /Users/demac/Downloads/De-Scripts1/denjoy-platform/backend/storage/runs/740c5bac-5310-44a8-96ab-5537a19ca62b/M365-Complete-Baseline-20260315-202610.html
[20:30:23] [*] Non-interactive mode detected; skipping open prompt.
[20:30:23] Open report manually: Start-Process '/Users/demac/Downloads/De-Scripts1/denjoy-platform/backend/storage/runs/740c5bac-5310-44a8-96ab-5537a19ca62b/M365-Complete-Baseline-20260315-202610.html'
[20:30:23] [20:30:23] PowerShell.Exiting detected - performing best-effort disconnect
[20:30:23] [20:30:23] Closing connections...
[20:30:23] [20:30:23] ✓ Disconnected from Exchange Online
[20:30:23] [20:30:23] Teams disconnect failed: Cannot invoke the pipeline because the runspace is not in the Opened state. Current state of the runspace is 'Closing'.
[20:30:23] [20:30:23] ✓ Disconnected from Azure (Az)
[20:30:23] [20:30:23] All sessions closed.
[20:30:23] PowerShell process exited with code 0
[20:30:23] Run completed.
