[11:06:29] Run queued.
[11:06:29] Run mode: script
[11:06:29] Scan type: full
[11:06:29] Phases: phase1, phase2, phase3, phase4, phase5, phase6
[11:06:29] Starting PowerShell assessment.
[11:06:29] Command: /usr/local/bin/pwsh -NoLogo -NoProfile -NonInteractive -File /Users/demac/Downloads/De-Scripts1/denjoy-platform/assessment/Start-M365BaselineAssessment.ps1 -OutputPath /Users/demac/Downloads/De-Scripts1/denjoy-platform/backend/storage/runs/cadf68c7-036a-4a49-866b-9eafa8a8cbac -ExportCsv
[11:06:30] ╔══════════════════════════════════════════════════════════════╗
[11:06:30] ║   M365 COMPLETE BASELINE ASSESSMENT (MODULAR)                ║
[11:06:30] ║   Version: 3.1.0                                             ║
[11:06:30] ╚══════════════════════════════════════════════════════════════╝
[11:06:30] [*] Loading modules...
[11:06:30]   ✓ Authentication module loaded
[11:06:30]   ✓ HtmlReporting modules loaded (Core + Phase1-6)
[11:06:30]   ✓ Phase1-UsersLicensing module loaded
[11:06:30]   ✓ Phase2-CollaborationStorage module loaded
[11:06:30]   ✓ Phase3-ComplianceSecurity module loaded
[11:06:30]   ✓ Phase4-AdvancedSecurity module loaded
[11:06:30]   ✓ Phase5-IntuneConfig module loaded
[11:06:30]   ✓ Phase6-AzureInfrastructure module loaded
[11:06:30]   ✓ Phase-HybridIdentity module loaded
[11:06:30]   ✓ HtmlReporting-Compliance module loaded
[11:06:30]   ✓ Export-AssessmentCsv module loaded
[11:06:30] [*] All modules loaded successfully
[11:06:30] [11:06:30] Connecting to Microsoft Graph...
[11:06:34] [11:06:34] ✓ Connected to tenant: Zorg en Vrij (5949c95e-86e7-4c31-ae4e-ba49d0477959)
[11:06:34] [11:06:34] ✓ Connected to Microsoft Graph
[11:06:40] [11:06:40] ✓ Connected to Microsoft Teams PowerShell session
[11:06:40] [11:06:40] Interactive Exchange connection failed or requires credentials: Could not load file or assembly '/Users/demac/.local/share/powershell/Modules/ExchangeOnlineManagement/3.9.2/netCore/Microsoft.Identity.Client.dll'. The located assembly's manifest definition does not match the assembly reference. (0x80131040)
[11:06:41] [11:06:41]
[11:06:41] === PHASE 1: Users, Licensing & Security Basics ===
[11:06:41] [11:06:41] Collecting Global Administrators...
[11:06:42] [11:06:42] Collecting license information...
[11:06:42] [11:06:42] Collecting all users...
[11:06:42] [11:06:42] Checking MFA status...
[11:06:50] [11:06:50] Found 10 users WITH registered MFA, 3 WITHOUT
[11:06:50] [11:06:50] NOTE: This checks MFA instellingen, not per-user enforcement status
[11:06:50] [11:06:50] Processing license details...
[11:06:50] [11:06:50] ✓ Phase 1 complete
[11:06:50] [11:06:50]
[11:06:50] === PHASE 2: Collaboration & Storage ===
[11:06:50] [11:06:50] Collecting Teams data...
[11:06:52] [11:06:52] Collecting SharePoint sites with storage info...
[11:06:55] [11:06:55] Checking 5 M365 Groups for SharePoint sites...
[11:06:56] [11:06:56] Found site via MailNickname: Wijzijnzorgenvrij
[11:06:57] [11:06:57] Found site via direct URL: All_users365
[11:06:57] [11:06:57] Found site via MailNickname: All Company
[11:06:57] [11:06:57] Searching for additional sites via Search API...
[11:06:58] [11:06:58] Trying common site URL patterns...
[11:06:59] [11:06:59] Found 0 OneDrive sites
[11:07:10] [11:07:10] Found 4 SharePoint sites, 0 inactive (>90 days)
[11:07:10] [11:07:10] Total SharePoint storage: 18.82 GB
[11:07:10] [11:07:10] Processing OneDrive sites via Reports API...
[11:07:14] [11:07:14] ✓ OneDrive data collected: 9 OneDrives, 48.2 GB used
[11:07:14] [11:07:14] Collecting M365 Groups...
[11:07:15] [11:07:15] Collecting all groups...
[11:07:16] [11:07:16] Collecting Exchange Online data via Graph...
[11:07:16] [11:07:16] Connecting to Exchange Online...
[11:07:16] [11:07:16] Exchange Online connection parameters not provided - using Graph API only
[11:07:16] [11:07:16] Collecting per-mailbox SMTP AUTH status via Get-EXOMailbox...
[11:07:16] [11:07:16] Primary Get-EXOMailbox failed: Could not load file or assembly 'Microsoft.Identity.Client, Version=4.74.1.0, Culture=neutral, PublicKeyToken=0a613f4dd989e8ae'. The located assembly's manifest definition does not match the assembly reference. (0x80131040)
[11:07:16] [11:07:16] Exchange Online PowerShell not available; skipping modern-auth mailbox checks.
[11:07:16] [11:07:16] ✓ Exchange Online data collected via Graph
[11:07:16] [11:07:16] Collecting Exchange security settings...
[11:07:16] [11:07:16] Checking Exchange DNS records...
[11:07:18] [11:07:18] Collecting directory roles...
[11:07:19] [11:07:19] ✓ Role assignments collected
[11:07:19] [11:07:19] Collecting Teams external access and meeting policies...
[11:07:20] [11:07:20] Meeting policies retrieved via Teams PowerShell fallback
[11:07:20] [11:07:20] Collecting Teams guest access settings...
[11:07:21] [11:07:21] Evaluating SharePoint default link type per site (best-effort)...
[11:07:22] [11:07:22] Collecting SharePoint tenant sharing settings...
[11:07:22] [11:07:22] Detecting group naming policies (affects Teams) and site naming guidance...
[11:07:22] [11:07:22] TODO 005: Checking SMTP AUTH status per mailbox...
[11:07:22] [11:07:22] TODO 005: Exchange Online not connected - SMTP AUTH cannot be checked without Exchange. Graph API does not expose per-mailbox SmtpClientAuthenticationDisabled.
[11:07:22] [11:07:22] TODO 007: Checking Teams external access configuration...
[11:07:22] [11:07:22] TODO 007: Teams federation - AllowFederated: True, AllowPublic: , AllowTeamsConsumer: True
[11:07:22] [11:07:22] TODO 008: Checking Teams meeting policies...
[11:07:23] [11:07:23] TODO 008: Retrieved 7 Teams meeting policies.
[11:07:23] [11:07:23] TODO 009: Checking Teams/Groups naming policies via Microsoft Graph...
[11:07:23] [11:07:23] TODO 009: Get-MgDirectorySetting failed: The term 'Get-MgDirectorySetting' is not recognized as a name of a cmdlet, function, script file, or executable program.
[11:07:23] Check the spelling of the name, or if a path was included, verify that the path is correct and try again.
[11:07:23] [11:07:23] TODO 010: Checking SharePoint default link types per site...
[11:07:23] [11:07:23] TODO 010: PnP PowerShell available - using Get-PnPTenantSite...
[11:07:23] [11:07:23] TODO 010: Get-PnPTenantSite failed: You are not signed in. Please use Connect-PnPOnline to connect.. Falling back to Graph...
[11:07:23] [11:07:23] TODO 010: Using Microsoft Graph to enumerate sites (DefaultSharingLinkType not available via Graph - recording site list only)...
[11:07:23] [11:07:23] TODO 010: Graph enumerated 0 sites, 0 flagged for anonymous/external sharing.
[11:07:23] [11:07:23] ✓ Phase 2 complete
[11:07:23] [11:07:23]
[11:07:23] === PHASE 3: Compliance & Security Policies ===
[11:07:23] [11:07:23] Collecting Conditional Access policies...
[11:07:24] [11:07:24] Checking Security Defaults...
[11:07:24] [11:07:24] Checking Audit Log configuration...
[11:07:25] [11:07:25] Collecting App Registrations...
[11:07:28] [11:07:28] Processing 6 app registrations...
