[23:38:34] Run queued.
[23:38:34] Run mode: script
[23:38:34] Phases: phase1, phase2, phase3, phase4, phase5, phase6
[23:38:34] Starting PowerShell assessment.
[23:38:34] Command: /usr/local/microsoft/powershell/7/pwsh -NoLogo -NoProfile -NonInteractive -File /Users/demac/Downloads/De-Scripts1/denjoy-platform/assessment/Start-M365BaselineAssessment.ps1 -OutputPath /Users/demac/Downloads/De-Scripts1/denjoy-platform/backend/storage/runs/0259f755-4618-4108-9b51-c962ad807801
[23:38:35] ╔══════════════════════════════════════════════════════════════╗
[23:38:35] ║   M365 COMPLETE BASELINE ASSESSMENT (MODULAR)                ║
[23:38:35] ║   Version: 3.1.0                                             ║
[23:38:35] ╚══════════════════════════════════════════════════════════════╝
[23:38:35] [*] Loading modules...
[23:38:35]   ✓ Authentication module loaded
[23:38:35]   ✓ HtmlReporting modules loaded (Core + Phase1-6)
[23:38:35]   ✓ Phase1-UsersLicensing module loaded
[23:38:35]   ✓ Phase2-CollaborationStorage module loaded
[23:38:35]   ✓ Phase3-ComplianceSecurity module loaded
[23:38:35]   ✓ Phase4-AdvancedSecurity module loaded
[23:38:35]   ✓ Phase5-IntuneConfig module loaded
[23:38:35]   ✓ Phase6-AzureInfrastructure module loaded
[23:38:35]   ✓ Phase-HybridIdentity module loaded
[23:38:35]   ✓ HtmlReporting-Compliance module loaded
[23:38:35]   ✓ Export-AssessmentCsv module loaded
[23:38:35] [*] All modules loaded successfully
[23:38:35] [23:38:35] Connecting to Microsoft Graph...
[23:39:13] [23:39:13] ✓ Connected to tenant: Zorg en Vrij (5949c95e-86e7-4c31-ae4e-ba49d0477959)
[23:39:13] [23:39:13] ✓ Connected to Microsoft Graph
[23:39:20] [23:39:20] ✓ Connected to Microsoft Teams PowerShell session
[23:39:21] [23:39:21] Interactive Exchange connection failed or requires credentials: Could not load file or assembly '/Users/demac/.local/share/powershell/Modules/ExchangeOnlineManagement/3.9.2/netCore/Microsoft.Identity.Client.dll'. The located assembly's manifest definition does not match the assembly reference. (0x80131040)
[23:39:21] [23:39:21]
[23:39:21] === PHASE 1: Users, Licensing & Security Basics ===
[23:39:21] [23:39:21] Collecting Global Administrators...
[23:39:22] [23:39:22] Collecting license information...
[23:39:22] [23:39:22] Collecting all users...
[23:39:22] [23:39:22] Checking MFA status...
[23:39:30] [23:39:30] Found 10 users WITH registered MFA, 3 WITHOUT
[23:39:30] [23:39:30] NOTE: This checks MFA instellingen, not per-user enforcement status
[23:39:30] [23:39:30] Processing license details...
[23:39:30] [23:39:30] ✓ Phase 1 complete
[23:39:30] [23:39:30]
[23:39:30] === PHASE 2: Collaboration & Storage ===
[23:39:30] [23:39:30] Collecting Teams data...
[23:39:32] [23:39:32] Collecting SharePoint sites with storage info...
[23:39:36] [23:39:36] Checking 5 M365 Groups for SharePoint sites...
[23:39:36] [23:39:36] Found site via MailNickname: Wijzijnzorgenvrij
[23:39:37] [23:39:37] Found site via direct URL: All_users365
[23:39:38] [23:39:38] Found site via MailNickname: All Company
[23:39:38] [23:39:38] Searching for additional sites via Search API...
[23:39:39] [23:39:39] Trying common site URL patterns...
[23:39:40] [23:39:40] Found 0 OneDrive sites
[23:39:50] [23:39:50] Found 4 SharePoint sites, 0 inactive (>90 days)
[23:39:50] [23:39:50] Total SharePoint storage: 18.77 GB
[23:39:50] [23:39:50] Processing OneDrive sites via Reports API...
[23:39:55] [23:39:55] ✓ OneDrive data collected: 9 OneDrives, 48.26 GB used
[23:39:55] [23:39:55] Collecting M365 Groups...
[23:39:56] [23:39:56] Collecting all groups...
[23:39:57] [23:39:57] Collecting Exchange Online data via Graph...
[23:39:57] [23:39:57] Connecting to Exchange Online...
[23:39:57] [23:39:57] Exchange Online connection parameters not provided - using Graph API only
[23:39:57] [23:39:57] Collecting per-mailbox SMTP AUTH status via Get-EXOMailbox...
[23:39:57] [23:39:57] Primary Get-EXOMailbox failed: Could not load file or assembly 'Microsoft.Identity.Client, Version=4.74.1.0, Culture=neutral, PublicKeyToken=0a613f4dd989e8ae'. The located assembly's manifest definition does not match the assembly reference. (0x80131040)
[23:39:57] [23:39:57] Exchange Online PowerShell not available; skipping modern-auth mailbox checks.
[23:39:57] [23:39:57] ✓ Exchange Online data collected via Graph
[23:39:57] [23:39:57] Collecting Exchange security settings...
[23:39:57] [23:39:57] Checking Exchange DNS records...
[23:39:59] [23:39:59] Collecting directory roles...
[23:39:59] [23:39:59] ✓ Role assignments collected
[23:39:59] [23:39:59] Collecting Teams external access and meeting policies...
[23:40:00] [23:40:00] Meeting policies retrieved via Teams PowerShell fallback
[23:40:00] [23:40:00] Collecting Teams guest access settings...
[23:40:00] [23:40:00] Evaluating SharePoint default link type per site (best-effort)...
[23:40:01] [23:40:01] Collecting SharePoint tenant sharing settings...
[23:40:01] [23:40:01] Detecting group naming policies (affects Teams) and site naming guidance...
[23:40:01] [23:40:01] TODO 005: Checking SMTP AUTH status per mailbox...
[23:40:01] [23:40:01] TODO 005: Exchange Online not connected - SMTP AUTH cannot be checked without Exchange. Graph API does not expose per-mailbox SmtpClientAuthenticationDisabled.
[23:40:01] [23:40:01] TODO 007: Checking Teams external access configuration...
[23:40:01] [23:40:01] TODO 007: Teams federation - AllowFederated: True, AllowPublic: , AllowTeamsConsumer: True
[23:40:01] [23:40:01] TODO 008: Checking Teams meeting policies...
[23:40:02] [23:40:02] TODO 008: Retrieved 7 Teams meeting policies.
[23:40:02] [23:40:02] TODO 009: Checking Teams/Groups naming policies via Microsoft Graph...
[23:40:02] [23:40:02] TODO 009: Get-MgDirectorySetting failed: The term 'Get-MgDirectorySetting' is not recognized as a name of a cmdlet, function, script file, or executable program.
[23:40:02] Check the spelling of the name, or if a path was included, verify that the path is correct and try again.
[23:40:02] [23:40:02] TODO 010: Checking SharePoint default link types per site...
[23:40:02] [23:40:02] TODO 010: PnP PowerShell available - using Get-PnPTenantSite...
[23:40:02] [23:40:02] TODO 010: Get-PnPTenantSite failed: You are not signed in. Please use Connect-PnPOnline to connect.. Falling back to Graph...
[23:40:02] [23:40:02] TODO 010: Using Microsoft Graph to enumerate sites (DefaultSharingLinkType not available via Graph - recording site list only)...
[23:40:02] [23:40:02] TODO 010: Graph enumerated 0 sites, 0 flagged for anonymous/external sharing.
[23:40:02] [23:40:02] ✓ Phase 2 complete
[23:40:02] [23:40:02]
[23:40:02] === PHASE 3: Compliance & Security Policies ===
[23:40:02] [23:40:02] Collecting Conditional Access policies...
[23:40:03] [23:40:03] Checking Security Defaults...
[23:40:04] [23:40:04] Checking Audit Log configuration...
[23:40:04] [23:40:04] Collecting App Registrations...
[23:40:07] [23:40:07] Processing 6 app registrations...
[23:40:33] [23:40:33] ✓ Found 6 app registrations
[23:40:33] [23:40:33] Checking legacy authentication policy and sign-in activity...
[23:40:33] [23:40:33] Legacy auth policy retrieved (BlockMsolPowerShell=False)
[23:40:54] [23:40:54] Legacy auth 'Exchange ActiveSync': 0 recent sign-in(s) found
[23:41:13] [23:41:13] Legacy auth 'IMAP': 0 recent sign-in(s) found
[23:41:31] [23:41:31] Legacy auth 'POP3': 0 recent sign-in(s) found
[23:41:46] [23:41:46] Legacy auth 'SMTP': 0 recent sign-in(s) found
[23:42:04] [23:42:04] Legacy auth 'Autodiscover': 0 recent sign-in(s) found
[23:42:27] [23:42:27] Legacy auth 'Other clients': 0 recent sign-in(s) found
[23:42:27] [23:42:27] Legacy auth check complete — 0 recent legacy sign-in(s), 0 unique user(s)
[23:42:27] [23:42:27] Checking retention policies via Microsoft Graph / Purview...
[23:42:27] [23:42:27] compliance/retentionPolicies endpoint not available: Response status code does not indicate success: BadRequest (Bad Request).
[23:42:28] [23:42:28] eDiscovery retention policies endpoint not available: Response status code does not indicate success: BadRequest (Bad Request).
[23:42:28] [23:42:28] No supported retention policy endpoint was accessible. Permissions may be insufficient (requires Compliance Administrator or equivalent).
[23:42:28] [23:42:28] Checking sensitivity labels via Microsoft Graph / Security API...
[23:42:29] [23:42:29] security/informationProtection/sensitivityLabels endpoint not available: Response status code does not indicate success: BadRequest (Bad Request).
[23:42:29] [23:42:29] Get-MgSecurityInformationProtectionSensitivityLabel not available: The term 'Get-MgSecurityInformationProtectionSensitivityLabel' is not recognized as a name of a cmdlet, function, script file, or executable program.
[23:42:29] Check the spelling of the name, or if a path was included, verify that the path is correct and try again.
[23:42:29] [23:42:29] No supported sensitivity label endpoint was accessible. Permissions may be insufficient (requires InformationProtectionPolicy.Read or equivalent).
[23:42:29] [23:42:29] ✓ Phase 3 complete
[23:42:29] [23:42:29] Running CA ↔ MFA cross-check...
[23:42:29] [23:42:29] CA↔MFA cross-check completed: found 4 enabled policies requiring MFA
[23:42:29] [23:42:29]
[23:42:29] === PHASE 4: Advanced Security & Compliance ===
[23:42:29] [23:42:29] Collecting Microsoft Secure Score...
[23:42:31] [23:42:31] Collecting Secure Score recommendations...
[23:42:32] [23:42:32] Checking admin password ages...
[23:42:33] [23:42:33] Detecting break glass accounts...
[23:42:33] [23:42:33] Checking GDAP/GSAP relationships...
[23:42:34] [23:42:34] No GDAP relationships found
[23:42:34] [23:42:34] Checking password policies...
[23:42:35] [23:42:35] Checking guest invite settings...
[23:42:35] [23:42:35] Checking device registration policies...
[23:42:36] [23:42:36] Analyzing location-based CA policies...
[23:42:36] [23:42:36] Analyzing device-based CA policies...
[23:42:36] [23:42:36] Collecting active security alerts...
[23:42:42] [23:42:42] Security alerts collected via Get-MgSecurityAlert: Total=0, High=0, Medium=0, Low=0
[23:42:44] [23:42:44] Alert policies check complete.
[23:42:44] [23:42:44] Checking Identity Protection data...
[23:42:44] [23:42:44] Azure AD P2 detected. Collecting risky users...
[23:42:44] [23:42:44] Risky users at-risk: 0
[23:42:44] [23:42:44] Risk detections collected: 0
[23:42:44] [23:42:44] Identity protection check complete.
[23:42:44] [23:42:44] ✓ Phase 4 complete
[23:42:44] [23:42:44]
[23:42:44] === PHASE 5: Intune Configuration ===
[23:42:44] [23:42:44] Intune not configured or accessible, skipping Phase 5
[23:42:44] [23:42:44]
[23:42:44] === PHASE 6: Azure Infrastructure Best Practices ===
[23:42:44] [23:42:44] Azure PowerShell context detected: Azure Subscription 2436775
[23:42:44] [23:42:44] Assessing Azure Virtual Desktop...
[23:42:48] [23:42:48] No AVD host pools found
[23:42:48] [23:42:48] Assessing Azure Compute resources...
[23:42:51] [23:42:51] No VMs found
[23:42:51] [23:42:51] Assessing Azure Networking...
[23:42:54] [23:42:54] No NSGs found
[23:42:54] [23:42:54] Assessing Azure Storage accounts...
[23:42:57] [23:42:57] No storage accounts found
[23:42:57] [23:42:57] Assessing Azure Security configuration...
[23:43:14] [23:43:14] Assessing Governance & Compliance...
[23:43:14] [23:43:14] No resource groups found in current Azure context/subscription (Azure Subscription 2436775).
[23:43:14] [23:43:14] Controleer of de juiste subscription actief is (Get-AzContext / Set-AzContext).
[23:43:14] [23:43:14] ✓ Phase 6 complete
[23:43:14] [23:43:14] Starting Hybrid Identity assessment...
[23:43:14] [23:43:14] === Hybrid Identity Assessment gestart ===
[23:43:14] [23:43:14] Organisatiegegevens ophalen...
[23:43:15] [23:43:15] Directory sync status controleren...
[23:43:15] [23:43:15] Tenant is pure cloud (geen AD Connect)
[23:43:15] [23:43:15] Authenticatietype detecteren...
[23:43:15] [23:43:15] Gebruikerstelling (synced vs cloud-only)...
[23:43:15] [23:43:15] Totaal: 18 | Synced: 0 | Cloud-only: 18
[23:43:15] [23:43:15] === Hybrid Identity Assessment voltooid ===
[23:43:15] [23:43:15] ✓ Hybrid Identity assessment voltooid
[23:43:15] [23:43:15] Connection summary: Graph=Connected, EXO=NotConnected, Teams=Connected, Azure=Connected
[23:43:16] [23:43:16] Generating HTML report...
[23:43:16] [23:43:16] ✓ Report saved: /Users/demac/Downloads/De-Scripts1/denjoy-platform/backend/storage/runs/0259f755-4618-4108-9b51-c962ad807801/M365-Complete-Baseline-20260308-233835.html
[23:43:16] [23:43:16] ✓ Snapshot saved: /Users/demac/Downloads/De-Scripts1/denjoy-platform/backend/storage/runs/0259f755-4618-4108-9b51-c962ad807801/_snapshots/M365-Complete-Baseline-20260308-233835.summary.json
[23:43:16] [23:43:16] ✓ Symlink created: /Users/demac/Downloads/De-Scripts1/denjoy-platform/backend/storage/runs/0259f755-4618-4108-9b51-c962ad807801/M365-Complete-Baseline-latest.html -> M365-Complete-Baseline-20260308-233835.html
[23:43:16] [23:43:16] Closing connections...
[23:43:16] [23:43:16] ✓ Disconnected from Microsoft Graph
[23:43:16] [23:43:16] ✓ Disconnected from Exchange Online
[23:43:16] [23:43:16] ✓ Disconnected from Microsoft Teams
[23:43:16] [23:43:16] ✓ Disconnected from Azure (Az)
[23:43:16] [23:43:16] All sessions closed.
[23:43:16] ╔══════════════════════════════════════════════════════════════╗
[23:43:16] ║   ASSESSMENT COMPLETE                                   ║
[23:43:16] ╚══════════════════════════════════════════════════════════════╝
[23:43:16] Duration: 04:41
[23:43:16] Report: /Users/demac/Downloads/De-Scripts1/denjoy-platform/backend/storage/runs/0259f755-4618-4108-9b51-c962ad807801/M365-Complete-Baseline-20260308-233835.html
[23:43:16] [*] Non-interactive mode detected; skipping open prompt.
[23:43:16] Open report manually: Start-Process '/Users/demac/Downloads/De-Scripts1/denjoy-platform/backend/storage/runs/0259f755-4618-4108-9b51-c962ad807801/M365-Complete-Baseline-20260308-233835.html'
[23:43:16] [23:43:16] PowerShell.Exiting detected - performing best-effort disconnect
[23:43:16] [23:43:16] Closing connections...
[23:43:16] [23:43:16] ✓ Disconnected from Exchange Online
[23:43:16] [23:43:16] Teams disconnect failed: Cannot invoke the pipeline because the runspace is not in the Opened state. Current state of the runspace is 'Closing'.
[23:43:16] [23:43:16] ✓ Disconnected from Azure (Az)
[23:43:16] [23:43:16] All sessions closed.
[23:43:16] PowerShell process exited with code 0
[23:43:16] Run completed.
